app/build/outputs/logs/manifest-merger-debug-report.txt
-- Merging decision tree log ---
manifest
ADDED from src/main/AndroidManifest.xml:2:1-63:12
	package
		ADDED from src/main/AndroidManifest.xml:3:5-35
		INJECTED from src/main/AndroidManifest.xml
		INJECTED from src/main/AndroidManifest.xml
	android:versionName
		ADDED from src/main/AndroidManifest.xml:5:5-30
		INJECTED from src/main/AndroidManifest.xml
		INJECTED from src/main/AndroidManifest.xml
	android:versionCode
		ADDED from src/main/AndroidManifest.xml:4:5-28
		INJECTED from src/main/AndroidManifest.xml
		INJECTED from src/main/AndroidManifest.xml
	xmlns:android
		ADDED from src/main/AndroidManifest.xml:2:11-69
uses-sdk
ADDED from src/main/AndroidManifest.xml:7:5-9:41
MERGED from [com.android.support:appcompat-v7:21.0.3] AndroidManifest.xml:15:5-42
MERGED from [com.android.support:support-v4:21.0.3] AndroidManifest.xml:15:5-42
	android:targetSdkVersion
		ADDED from src/main/AndroidManifest.xml:9:9-38
		INJECTED from src/main/AndroidManifest.xml
		INJECTED from src/main/AndroidManifest.xml
	android:minSdkVersion
		ADDED from src/main/AndroidManifest.xml:8:9-34
		INJECTED from src/main/AndroidManifest.xml
		INJECTED from src/main/AndroidManifest.xml
uses-permission#android.permission.CALL_PHONE
ADDED from src/main/AndroidManifest.xml:12:5-69
	android:name
		ADDED from src/main/AndroidManifest.xml:12:22-66
uses-permission#android.permission.SEND_SMS
ADDED from src/main/AndroidManifest.xml:13:5-66
	android:name
		ADDED from src/main/AndroidManifest.xml:13:22-64
application
ADDED from src/main/AndroidManifest.xml:15:5-61:19
MERGED from [com.android.support:appcompat-v7:21.0.3] AndroidManifest.xml:16:5-19
MERGED from [com.android.support:support-v4:21.0.3] AndroidManifest.xml:16:5-19
	android:label
		ADDED from src/main/AndroidManifest.xml:18:9-41
	android:allowBackup
		ADDED from src/main/AndroidManifest.xml:16:9-35
	android:icon
		ADDED from src/main/AndroidManifest.xml:17:9-45
	android:theme
		ADDED from src/main/AndroidManifest.xml:19:9-40
activity#com.teamj.poststroke.MainMenu
ADDED from src/main/AndroidManifest.xml:22:9-30:20
	android:screenOrientation
		ADDED from src/main/AndroidManifest.xml:24:13-50
	android:name
		ADDED from src/main/AndroidManifest.xml:23:13-57
intent-filter#android.intent.action.MAIN+android.intent.category.LAUNCHER
ADDED from src/main/AndroidManifest.xml:25:14-29:29
action#android.intent.action.MAIN
ADDED from src/main/AndroidManifest.xml:26:17-69
	android:name
		ADDED from src/main/AndroidManifest.xml:26:25-66
category#android.intent.category.LAUNCHER
ADDED from src/main/AndroidManifest.xml:28:17-77
	android:name
		ADDED from src/main/AndroidManifest.xml:28:27-74
activity#com.teamj.poststroke.HowTo
ADDED from src/main/AndroidManifest.xml:31:9-34:20
	android:screenOrientation
		ADDED from src/main/AndroidManifest.xml:33:13-50
	android:name
		ADDED from src/main/AndroidManifest.xml:32:13-54
activity#com.teamj.poststroke.Difficulty
ADDED from src/main/AndroidManifest.xml:35:9-38:20
	android:screenOrientation
		ADDED from src/main/AndroidManifest.xml:37:13-50
	android:name
		ADDED from src/main/AndroidManifest.xml:36:13-59
activity#com.teamj.poststroke.Levels
ADDED from src/main/AndroidManifest.xml:39:9-42:20
	android:screenOrientation
		ADDED from src/main/AndroidManifest.xml:41:13-50
	android:name
		ADDED from src/main/AndroidManifest.xml:40:13-55
activity#com.teamj.poststroke.Drawing
ADDED from src/main/AndroidManifest.xml:43:9-46:20
	android:screenOrientation
		ADDED from src/main/AndroidManifest.xml:45:13-50
	android:name
		ADDED from src/main/AndroidManifest.xml:44:13-56
activity#com.teamj.poststroke.Scores
ADDED from src/main/AndroidManifest.xml:47:9-50:20
	android:screenOrientation
		ADDED from src/main/AndroidManifest.xml:49:13-50
	android:name
		ADDED from src/main/AndroidManifest.xml:48:13-55
activity#com.teamj.poststroke.Register
ADDED from src/main/AndroidManifest.xml:51:9-54:20
	android:screenOrientation
		ADDED from src/main/AndroidManifest.xml:53:13-49
	android:name
		ADDED from src/main/AndroidManifest.xml:52:13-57
activity#com.teamj.poststroke.Details
ADDED from src/main/AndroidManifest.xml:55:9-58:20
	android:screenOrientation
		ADDED from src/main/AndroidManifest.xml:57:13-49
	android:name
		ADDED from src/main/AndroidManifest.xml:56:13-56